make all --print-data-base --no-builtin-variables --no-builtin-rules --question
# GNU Make 4.2.1
# Built for x86_64-pc-linux-gnu
# Copyright (C) 1988-2016 Free Software Foundation, Inc.
# License GPLv3+: GNU GPL version 3 or later <http://gnu.org/licenses/gpl.html>
# This is free software: you are free to change and redistribute it.
# There is NO WARRANTY, to the extent permitted by law.

# Make data base, printed on Fri Aug 12 14:57:02 2022

# Variables

# automatic
<D = $(patsubst %/,%,$(dir $<))
# automatic
?F = $(notdir $?)
# default
.SHELLFLAGS := -c
# environment
XDG_SESSION_CLASS = user
# environment
VSCODE_AGENT_FOLDER = /root/.vscode-server
# environment
XDG_SESSION_TYPE = tty
# makefile (from 'Makefile', line 11)
DOCKER_BUF :=  run --rm -v /yu/mun-airdrops:/workspace --workdir /workspace bufbuild/buf
# environment
NVM_INC = /root/.nvm/versions/node/v16.0.0/include/node
# automatic
?D = $(patsubst %/,%,$(dir $?))
# environment
IRONFISH_WALLET = williams
# automatic
@D = $(patsubst %/,%,$(dir $@))
# automatic
@F = $(notdir $@)
# default
MAKE_VERSION := 4.2.1
# makefile
CURDIR := /yu/mun-airdrops
# makefile
SHELL = /bin/sh
# environment
VSCODE_NLS_CONFIG = {"locale":"en","availableLanguages":{}}
# environment
_ = /root/.vscode-server/bin/da76f93349a72022ca4670c1b84860304616aaa2/node
# makefile (from 'Makefile', line 1)
MAKEFILE_LIST :=  Makefile
# 'override' directive
GNUMAKEFLAGS := 
# environment
XDG_DATA_DIRS = /usr/local/share:/usr/share:/var/lib/snapd/desktop
# environment
DBUS_SESSION_BUS_ADDRESS = unix:path=/run/user/0/bus
# makefile (from 'Makefile', line 1)
VERSION := 0.0.1
# makefile (from 'Makefile', line 80)
containerProtoFmt = $(PROJECT_NAME)-proto-fmt-$(protoVer)
# makefile (from 'Makefile', line 4)
ldflags = -X github.com/cosmos/cosmos-sdk/version.Name=mun -X github.com/cosmos/cosmos-sdk/version.ServerName=mund -X github.com/cosmos/cosmos-sdk/version.Version=$(VERSION) -X github.com/cosmos/cosmos-sdk/version.Commit=$(COMMIT)
# environment
LESSOPEN = | /usr/bin/lesspipe %s
# environment
VSCODE_CWD = /root
# environment
SSH_CONNECTION = 188.43.136.34 41110 195.201.52.25 22
# environment
PATH = /root/.vscode-server/bin/da76f93349a72022ca4670c1b84860304616aaa2/bin/remote-cli:/root/go/bin:/root/.go/bin:/root/go/bin:/root/.go/bin:/root/go/bin:/root/.go/bin:/root/go/bin:/root/.go/bin:/root/go/bin:/root/.go/bin:/root/go/bin:/root/.go/bin:/root/go/bin:/root/.go/bin:/root/go/bin:/root/.go/bin:/root/go/bin:/root/.go/bin:/root/go/bin:/root/.go/bin:/root/go/bin:/root/.go/bin:/root/go/bin:/root/.go/bin:/root/go/bin:/root/.go/bin:/root/go/bin:/root/.go/bin:/root/go/bin:/root/.go/bin:/root/go/bin:/root/.go/bin:/root/.cargo/bin:/root/.nvm/versions/node/v16.0.0/bin:/usr/local/sbin:/usr/local/bin:/usr/sbin:/usr/bin:/sbin:/bin:/usr/games:/usr/local/games:/snap/bin
# environment
XDG_RUNTIME_DIR = /run/user/0
# makefile (from 'Makefile', line 75)
protoVer = v0.3
# makefile (from 'Makefile', line 10)
DOCKER := 
# environment
GOPATH = /root/go
# environment
NVM_BIN = /root/.nvm/versions/node/v16.0.0/bin
# environment
ELECTRON_RUN_AS_NODE = 1
# environment
VSCODE_IPC_HOOK_CLI = /run/user/0/vscode-ipc-1f57f4ac-ee3f-42fa-8e3d-84296366e0e3.sock
# makefile (from 'Makefile', line 2)
COMMIT := 3a73bdb5465368ed80414c8f094c3ce863a99810
# default
.FEATURES := target-specific order-only second-expansion else-if shortest-stem undefine oneshell archives jobserver output-sync check-symlink load
# environment
LS_COLORS = 
# automatic
%F = $(notdir $%)
# environment
PWD = /yu/mun-airdrops
# default
.LOADED := 
# automatic
*D = $(patsubst %/,%,$(dir $*))
# environment
IRONFISH_NODENAME = JASON💪💎🚀
# environment
VSCODE_AMD_ENTRYPOINT = vs/workbench/api/node/extensionHostProcess
# environment
HOME = /root
# environment
LESSCLOSE = /usr/bin/lesspipe %s %s
# environment
LOGNAME = root
# environment
APPLICATION_INSIGHTS_NO_DIAGNOSTIC_CHANNEL = 1
# environment
NVM_CD_FLAGS = 
# automatic
+F = $(notdir $+)
# environment
VSCODE_HANDLES_UNCAUGHT_ERRORS = true
# automatic
^D = $(patsubst %/,%,$(dir $^))
# environment
MAKELEVEL := 0
# default
MAKE = $(MAKE_COMMAND)
# default
MAKECMDGOALS := all
# environment
IRONFISH_THREADS = -1
# environment
SHLVL = 0
# makefile (from 'Makefile', line 9)
BUILD_FLAGS := -ldflags '-X github.com/cosmos/cosmos-sdk/version.Name=mun -X github.com/cosmos/cosmos-sdk/version.ServerName=mund -X github.com/cosmos/cosmos-sdk/version.Version=0.0.1 -X github.com/cosmos/cosmos-sdk/version.Commit=3a73bdb5465368ed80414c8f094c3ce863a99810'
# environment
XDG_SESSION_ID = 15918338
# environment
USER = root
# makefile
.DEFAULT_GOAL := all
# environment
GOROOT = /root/.go
# makefile (from 'Makefile', line 77)
containerProtoGen = $(PROJECT_NAME)-proto-gen-$(protoVer)
# automatic
%D = $(patsubst %/,%,$(dir $%))
# default
MAKE_COMMAND := make
# default
.VARIABLES := 
# automatic
*F = $(notdir $*)
# makefile
MAKEFLAGS = pqrR
# makefile (from 'Makefile', line 79)
containerProtoGenSwagger = $(PROJECT_NAME)-proto-gen-swagger-$(protoVer)
# environment
MFLAGS = -pqrR
# environment
SSH_CLIENT = 188.43.136.34 41110 22
# environment
NVM_DIR = /root/.nvm
# automatic
+D = $(patsubst %/,%,$(dir $+))
# environment
BROWSER = /root/.vscode-server/bin/da76f93349a72022ca4670c1b84860304616aaa2/bin/helpers/browser.sh
# environment
VSCODE_HANDLES_SIGPIPE = true
# 'override' directive
.SHELLSTATUS := 1
# default
MAKEFILES := 
# automatic
<F = $(notdir $<)
# makefile (from 'Makefile', line 12)
PROJECT_NAME = $(shell git remote get-url origin | xargs basename -s .git)
# environment
LC_ALL = C
# makefile (from 'Makefile', line 78)
containerProtoGenAny = $(PROJECT_NAME)-proto-gen-any-$(protoVer)
# makefile (from 'Makefile', line 76)
protoImageName = tendermintdev/sdk-proto-gen:$(protoVer)
# automatic
^F = $(notdir $^)
# default
SUFFIXES := 
# default
.INCLUDE_DIRS = /usr/include /usr/local/include /usr/include
# default
.RECIPEPREFIX := 
# default
MAKE_HOST := x86_64-pc-linux-gnu
# environment
LANG = C
# environment
MOTD_SHOWN = pam
# variable set hash-table stats:
# Load=89/1024=9%, Rehash=0, Collisions=17/129=13%

# Pattern-specific Variable Values

# No pattern-specific variable values.

# Directories

# . (device 2504046145, inode 9177929): 18 files, no impossibilities.

# 18 files, no impossibilities in 1 directories.

# Implicit Rules

# No implicit rules.

# Files

proto-lint:
#  Implicit rule search has not been done.
#  Modification time never checked.
#  File has not been updated.
#  recipe to execute (from 'Makefile', line 105):
	@$(DOCKER_BUF) lint --error-format=json

build-linux:
#  Implicit rule search has not been done.
#  Modification time never checked.
#  File has not been updated.
#  recipe to execute (from 'Makefile', line 25):
	GOOS=linux GOARCH=amd64 $(MAKE) build

go.sum: go.mod
#  Implicit rule search has not been done.
#  Implicit/static pattern stem: ''
#  Last modified 2022-08-08 06:41:42.898544024
#  File has been updated.
#  Needs to be updated (-q is set).
# automatic
# @ := go.sum
# automatic
# % := 
# automatic
# * := 
# automatic
# + := go.mod
# automatic
# | := 
# automatic
# < := go.mod
# automatic
# ^ := go.mod
# automatic
# ? := go.mod
# variable set hash-table stats:
# Load=8/32=25%, Rehash=0, Collisions=1/11=9%
#  recipe to execute (from 'Makefile', line 28):
	@echo "--> Ensure dependencies have not been modified"
	GO111MODULE=on go mod verify

devnet-start:
#  Implicit rule search has not been done.
#  Modification time never checked.
#  File has not been updated.
#  recipe to execute (from 'Makefile', line 45):
	DAEMON_NAME=diversifid DAEMON_HOME=~/.diversifid DAEMON_ALLOW_DOWNLOAD_BINARIES=true DAEMON_RESTART_AFTER_UPGRADE=true \
    diversifid start --pruning="nothing" --inv-check-period 5

all: install
#  Command line target.
#  Implicit rule search has been done.
#  File does not exist.
#  File has been updated.
#  Needs to be updated (-q is set).
# variable set hash-table stats:
# Load=0/32=0%, Rehash=0, Collisions=0/3=0%

proto-gen:
#  Implicit rule search has not been done.
#  Modification time never checked.
#  File has not been updated.
#  recipe to execute (from 'Makefile', line 85):
	docker run --rm -v $(CURDIR):/workspace --workdir /workspace bharvest/liquidity-proto-gen sh ./scripts/protocgen.sh
	go mod tidy

localnet: clean build-linux build-docker localnet-start
#  Implicit rule search has not been done.
#  Modification time never checked.
#  File has not been updated.

proto-format:
#  Implicit rule search has not been done.
#  Modification time never checked.
#  File has not been updated.
#  recipe to execute (from 'Makefile', line 99):
	@echo "Formatting Protobuf files"
	@if docker ps -a --format '{{.Names}}' | grep -Eq "^${containerProtoFmt}$$"; then docker start -a $(containerProtoFmt); else docker run --name $(containerProtoFmt) -v $(CURDIR):/workspace --workdir /workspace tendermintdev/docker-build-proto \
		find ./ -not -path "./third_party/*" -name "*.proto" -exec clang-format -i {} \; ; fi

# Not a target:
.SUFFIXES:
#  Implicit rule search has not been done.
#  Modification time never checked.
#  File has not been updated.

# Not a target:
Makefile:
#  Implicit rule search has been done.
#  Last modified 2022-08-09 10:00:18.50348791
#  File has been updated.
#  Successfully updated.

build: go.sum clean
#  Implicit rule search has not been done.
#  Modification time never checked.
#  File has not been updated.
#  recipe to execute (from 'Makefile', line 21):
	go build -mod=mod $(BUILD_FLAGS) -o build/mund-manager ./cmd/mund-manager
	go build -mod=mod $(BUILD_FLAGS) -o build/mund ./cmd/mund

proto-all: proto-format proto-lint proto-gen
#  Implicit rule search has not been done.
#  Modification time never checked.
#  File has not been updated.

lint:
#  Implicit rule search has not been done.
#  Modification time never checked.
#  File has not been updated.
#  recipe to execute (from 'Makefile', line 33):
	@echo "--> Running linter"
	@golangci-lint run
	@go mod verify

localnet-stop:
#  Implicit rule search has not been done.
#  Modification time never checked.
#  File has not been updated.
#  recipe to execute (from 'Makefile', line 67):
	docker-compose down

devnet: clean install devnet-prepare devnet-start
#  Implicit rule search has not been done.
#  Modification time never checked.
#  File has not been updated.

# Not a target:
.DEFAULT:
#  Implicit rule search has not been done.
#  Modification time never checked.
#  File has not been updated.

build-docker:
#  Implicit rule search has not been done.
#  Modification time never checked.
#  File has not been updated.
#  recipe to execute (from 'Makefile', line 57):
	$(MAKE) -C networks/local

clean:
#  Implicit rule search has not been done.
#  Modification time never checked.
#  File has not been updated.
#  recipe to execute (from 'Makefile', line 50):
	rm -rf build/

proto-swagger-gen:
#  Implicit rule search has not been done.
#  Modification time never checked.
#  File has not been updated.
#  recipe to execute (from 'Makefile', line 94):
	@echo "Generating Protobuf Swagger"
	@if docker ps -a --format '{{.Names}}' | grep -Eq "^${containerProtoGenSwagger}$$"; then docker start -a $(containerProtoGenSwagger); else docker run --name $(containerProtoGenSwagger) -v $(CURDIR):/workspace --workdir /workspace $(protoImageName) \
		sh ./scripts/protoc-swagger-gen.sh; fi

localnet-start: build-linux localnet-stop
#  Implicit rule search has not been done.
#  Modification time never checked.
#  File has not been updated.
#  recipe to execute (from 'Makefile', line 61):
	@if ! [ -f build/node0/diversifid/config/genesis.json ]; then docker run --rm -v $(CURDIR)/build:/diversifid:Z lottery/core testnet --v 4 -o . --starting-ip-address 192.168.10.2 --keyring-backend=test --chain-id test ; fi
	./scripts/import-localnet-seeds.sh
	docker-compose up

# Not a target:
go.mod:
#  Implicit rule search has been done.
#  Last modified 2022-08-08 06:41:42.933544045
#  File has been updated.
#  Successfully updated.

devnet-prepare:
#  Implicit rule search has not been done.
#  Modification time never checked.
#  File has not been updated.
#  recipe to execute (from 'Makefile', line 42):
	./scripts/prepare-devnet.sh

proto-gen-js:
#  Implicit rule search has not been done.
#  Modification time never checked.
#  File has not been updated.
#  recipe to execute (from 'Makefile', line 90):
	@echo "Generating Protobuf Typescript"
	bash ./scripts/protocgen-js.sh

log-files:
#  Implicit rule search has not been done.
#  Modification time never checked.
#  File has not been updated.
#  recipe to execute (from 'Makefile', line 112):
	sudo mkdir -p /var/log/mund && sudo touch /var/log/mund/mund.log && sudo touch /var/log/mund/mund_error.log

proto-check-breaking:
#  Implicit rule search has not been done.
#  Modification time never checked.
#  File has not been updated.
#  recipe to execute (from 'Makefile', line 108):
	@$(DOCKER_BUF) breaking --against $(HTTPS_GIT)#branch=master

install: go.sum
#  Implicit rule search has not been done.
#  File does not exist.
#  File has been updated.
#  Needs to be updated (-q is set).
# variable set hash-table stats:
# Load=0/32=0%, Rehash=0, Collisions=0/3=0%
#  recipe to execute (from 'Makefile', line 17):
	go install -mod=readonly $(BUILD_FLAGS) ./cmd/mund-manager
	go install -mod=readonly $(BUILD_FLAGS) ./cmd/mund

# files hash-table stats:
# Load=26/1024=3%, Rehash=0, Collisions=1/65=2%
# VPATH Search Paths

# No 'vpath' search paths.

# No general ('VPATH' variable) search path.

# strcache buffers: 1 (0) / strings = 43 / storage = 397 B / avg = 9 B
# current buf: size = 8162 B / used = 397 B / count = 43 / avg = 9 B

# strcache performance: lookups = 90 / hit rate = 52%
# hash-table stats:
# Load=43/8192=1%, Rehash=0, Collisions=1/90=1%
# Finished Make data base on Fri Aug 12 14:57:02 2022

 
